<?xml version="1.0" encoding="UTF-8"?>
<testng-results ignored="0" total="1" passed="1" failed="0" skipped="0">
  <reporter-output>
  </reporter-output>
  <suite started-at="2024-10-06T10:40:37 IST" name="Surefire suite" finished-at="2024-10-06T10:40:42 IST" duration-ms="5253">
    <groups>
    </groups>
    <test started-at="2024-10-06T10:40:37 IST" name="Surefire test" finished-at="2024-10-06T10:40:42 IST" duration-ms="5253">
      <class name="Test.TestClass">
        <test-method is-config="true" signature="setUp()[pri:0, instance:Test.TestClass@49912c99]" started-at="2024-10-06T10:40:37 IST" name="setUp" finished-at="2024-10-06T10:40:40 IST" duration-ms="3372" status="PASS">
          <reporter-output>
          </reporter-output>
        </test-method> <!-- setUp -->
        <test-method signature="completeOrderTest()[pri:0, instance:Test.TestClass@49912c99]" started-at="2024-10-06T10:40:40 IST" name="completeOrderTest" finished-at="2024-10-06T10:40:41 IST" duration-ms="1234" status="PASS">
          <reporter-output>
          </reporter-output>
        </test-method> <!-- completeOrderTest -->
        <test-method is-config="true" signature="tearDown()[pri:0, instance:Test.TestClass@49912c99]" started-at="2024-10-06T10:40:41 IST" name="tearDown" finished-at="2024-10-06T10:40:42 IST" duration-ms="585" status="PASS">
          <reporter-output>
          </reporter-output>
        </test-method> <!-- tearDown -->
      </class> <!-- Test.TestClass -->
    </test> <!-- Surefire test -->
  </suite> <!-- Surefire suite -->
</testng-results>
